<?xml version="1.0" encoding="UTF-8"?>
<!-- Generated by org.testng.reporters.JUnitReportReporter -->
<testsuite hostname="NCS-040215RT07" name="com.sat.test.HomePageTest" tests="3" failures="0" timestamp="7 Aug 2018 10:07:50 GMT" time="85.681" errors="0">
  <testcase name="searchButtonTest" time="24.011" classname="com.sat.test.HomePageTest"/>
  <testcase name="clickEligibilityButtonTest" time="34.384" classname="com.sat.test.HomePageTest"/>
  <testcase name="verifySitemapTest" time="27.286" classname="com.sat.test.HomePageTest"/>
</testsuite> <!-- com.sat.test.HomePageTest -->
