<?xml version="1.0" encoding="UTF-8"?>
<!-- Generated by org.testng.reporters.JUnitReportReporter -->
<testsuite hostname="NCS-040215RT07" name="com.sat.test.HomePageTest2" tests="1" failures="0" timestamp="6 Aug 2018 08:57:53 GMT" time="16.118" errors="0">
  <testcase name="clickEligibilityButtonTest" time="16.118" classname="com.sat.test.HomePageTest2"/>
</testsuite> <!-- com.sat.test.HomePageTest2 -->
