<?xml version="1.0" encoding="UTF-8"?>
<!-- Generated by org.testng.reporters.JUnitReportReporter -->
<testsuite hostname="NCS-040215RT07" name="com.sat.test.TermsAndCondTest" tests="1" failures="0" timestamp="22 Aug 2018 04:40:40 GMT" time="59.371" errors="0">
  <testcase name="clickAgreeTest" time="59.371" classname="com.sat.test.TermsAndCondTest"/>
</testsuite> <!-- com.sat.test.TermsAndCondTest -->
