<?xml version="1.0" encoding="UTF-8"?>
<!-- Generated by org.testng.reporters.JUnitReportReporter -->
<testsuite hostname="NCS-040215RT07" name="com.sat.base.BaseClass" tests="1" failures="0" timestamp="3 Aug 2018 08:08:19 GMT" time="12.121" errors="0">
  <testcase name="driverInitialization" time="12.121" classname="com.sat.base.BaseClass"/>
</testsuite> <!-- com.sat.base.BaseClass -->
