<?xml version="1.0" encoding="UTF-8"?>
<!-- Generated by org.testng.reporters.JUnitReportReporter -->
<testsuite hostname="NCS-040215RT07" name="com.sat.test.TermsAndCondTest" tests="1" failures="0" timestamp="11 Aug 2018 09:16:19 GMT" time="52.480" errors="0">
  <testcase name="clickAgreeTest" time="52.480" classname="com.sat.test.TermsAndCondTest"/>
</testsuite> <!-- com.sat.test.TermsAndCondTest -->
