<?xml version="1.0" encoding="UTF-8"?>
<!-- Generated by org.testng.reporters.JUnitReportReporter -->
<testsuite hostname="NCS-040215RT07" name="com.sat.test.SATHappyFlow" tests="1" failures="0" timestamp="8 Oct 2018 07:47:48 GMT" time="94.914" errors="0">
  <testcase name="clickAgreeTest" time="94.914" classname="com.sat.test.SATHappyFlow"/>
</testsuite> <!-- com.sat.test.SATHappyFlow -->
