<?xml version="1.0" encoding="UTF-8"?>
<!-- Generated by org.testng.reporters.JUnitReportReporter -->
<testsuite hostname="NCS-040215RT07" name="com.snk.pages.HomePage" tests="1" failures="0" timestamp="3 Aug 2018 08:08:19 GMT" time="15.823" errors="0">
  <testcase name="driverInitialization" time="15.823" classname="com.snk.pages.HomePage"/>
</testsuite> <!-- com.snk.pages.HomePage -->
